[github.com/ChocolateAceCream/telescope/backend] 2025/01/28 - 16:33:18.259 	[33mwarn[0m	[lib/logger.go:111]	warn: log initialization successful	{"serviceName": "wsl"}
[github.com/ChocolateAceCream/telescope/backend] 2025/01/28 - 16:33:18.259 	[34minfo[0m	[lib/logger.go:112]	info: log initialization successful	{"serviceName": "wsl"}
[github.com/ChocolateAceCream/telescope/backend] 2025/01/28 - 16:33:18.259 	[31merror[0m	[lib/logger.go:113]	err: log initialization successful	{"serviceName": "wsl"}
[github.com/ChocolateAceCream/telescope/backend] 2025/01/28 - 16:33:18.263 	[34minfo[0m	[utils/redis.go:23]	redis connect ping success, response is: 	{"serviceName": "wsl", "pong": "PONG"}
[github.com/ChocolateAceCream/telescope/backend] 2025/01/28 - 16:33:18.290 	[31merror[0m	[utils/migrate.go:17]	cannot create migration	{"serviceName": "wsl", "error": "failed to open database: pq: permission denied for schema public in line 0: CREATE TABLE IF NOT EXISTS \"public\".\"schema_migrations\" (version bigint not null primary key, dirty boolean not null)"}
[github.com/ChocolateAceCream/telescope/backend] 2025/01/28 - 18:57:07.307 	[33mwarn[0m	[lib/logger.go:111]	warn: log initialization successful	{"serviceName": "wsl"}
[github.com/ChocolateAceCream/telescope/backend] 2025/01/28 - 18:57:07.307 	[34minfo[0m	[lib/logger.go:112]	info: log initialization successful	{"serviceName": "wsl"}
[github.com/ChocolateAceCream/telescope/backend] 2025/01/28 - 18:57:07.307 	[31merror[0m	[lib/logger.go:113]	err: log initialization successful	{"serviceName": "wsl"}
[github.com/ChocolateAceCream/telescope/backend] 2025/01/28 - 18:57:07.308 	[34minfo[0m	[utils/redis.go:23]	redis connect ping success, response is: 	{"serviceName": "wsl", "pong": "PONG"}
[github.com/ChocolateAceCream/telescope/backend] 2025/01/28 - 18:57:07.329 	[31merror[0m	[utils/migrate.go:17]	cannot create migration	{"serviceName": "wsl", "error": "failed to open database: pq: permission denied for schema public in line 0: CREATE TABLE IF NOT EXISTS \"public\".\"schema_migrations\" (version bigint not null primary key, dirty boolean not null)"}
[github.com/ChocolateAceCream/telescope/backend] 2025/01/28 - 19:00:37.474 	[33mwarn[0m	[lib/logger.go:111]	warn: log initialization successful	{"serviceName": "wsl"}
[github.com/ChocolateAceCream/telescope/backend] 2025/01/28 - 19:00:37.474 	[34minfo[0m	[lib/logger.go:112]	info: log initialization successful	{"serviceName": "wsl"}
[github.com/ChocolateAceCream/telescope/backend] 2025/01/28 - 19:00:37.474 	[31merror[0m	[lib/logger.go:113]	err: log initialization successful	{"serviceName": "wsl"}
[github.com/ChocolateAceCream/telescope/backend] 2025/01/28 - 19:00:37.475 	[34minfo[0m	[utils/redis.go:23]	redis connect ping success, response is: 	{"serviceName": "wsl", "pong": "PONG"}
[github.com/ChocolateAceCream/telescope/backend] 2025/01/28 - 19:00:37.490 	[31merror[0m	[utils/migrate.go:17]	cannot create migration	{"serviceName": "wsl", "error": "failed to open database: pq: permission denied for schema public in line 0: CREATE TABLE IF NOT EXISTS \"public\".\"schema_migrations\" (version bigint not null primary key, dirty boolean not null)"}
[github.com/ChocolateAceCream/telescope/backend] 2025/01/28 - 19:13:26.619 	[33mwarn[0m	[lib/logger.go:111]	warn: log initialization successful	{"serviceName": "wsl"}
[github.com/ChocolateAceCream/telescope/backend] 2025/01/28 - 19:13:26.620 	[34minfo[0m	[lib/logger.go:112]	info: log initialization successful	{"serviceName": "wsl"}
[github.com/ChocolateAceCream/telescope/backend] 2025/01/28 - 19:13:26.620 	[31merror[0m	[lib/logger.go:113]	err: log initialization successful	{"serviceName": "wsl"}
[github.com/ChocolateAceCream/telescope/backend] 2025/01/28 - 19:13:26.620 	[34minfo[0m	[utils/redis.go:23]	redis connect ping success, response is: 	{"serviceName": "wsl", "pong": "PONG"}
[github.com/ChocolateAceCream/telescope/backend] 2025/01/28 - 19:13:26.662 	[34minfo[0m	[utils/migrate.go:24]	migrate success	{"serviceName": "wsl"}
[github.com/ChocolateAceCream/telescope/backend] 2025/01/28 - 19:13:26.667 	[34minfo[0m	[dataInitializer/dataInitializer.go:69]	init data success	{"serviceName": "wsl"}
[github.com/ChocolateAceCream/telescope/backend] 2025/01/28 - 19:13:26.667 	[34minfo[0m	[workers/init.go:64]	all worker pools start success	{"serviceName": "wsl"}
[github.com/ChocolateAceCream/telescope/backend] 2025/01/28 - 19:13:27.421 	[31merror[0m	[workers/resizer.go:52]	Failed to create kafka consumer group	{"serviceName": "wsl", "error": "kafka: client has run out of available brokers to talk to: 3 errors occurred:\n\t* dial tcp 127.0.0.1:29092: connect: connection refused\n\t* dial tcp 127.0.0.1:49092: connect: connection refused\n\t* dial tcp 127.0.0.1:39092: connect: connection refused\n"}
[github.com/ChocolateAceCream/telescope/backend] 2025/01/28 - 19:15:32.032 	[34minfo[0m	[backend/main.go:89]	Shuting down Server ...	{"serviceName": "wsl"}
[github.com/ChocolateAceCream/telescope/backend] 2025/01/28 - 19:15:32.043 	[34minfo[0m	[backend/main.go:97]	Server exist successful	{"serviceName": "wsl"}
[github.com/ChocolateAceCream/telescope/backend] 2025/01/28 - 19:15:34.109 	[33mwarn[0m	[lib/logger.go:111]	warn: log initialization successful	{"serviceName": "wsl"}
[github.com/ChocolateAceCream/telescope/backend] 2025/01/28 - 19:15:34.109 	[34minfo[0m	[lib/logger.go:112]	info: log initialization successful	{"serviceName": "wsl"}
[github.com/ChocolateAceCream/telescope/backend] 2025/01/28 - 19:15:34.109 	[31merror[0m	[lib/logger.go:113]	err: log initialization successful	{"serviceName": "wsl"}
[github.com/ChocolateAceCream/telescope/backend] 2025/01/28 - 19:15:34.109 	[34minfo[0m	[utils/redis.go:23]	redis connect ping success, response is: 	{"serviceName": "wsl", "pong": "PONG"}
[github.com/ChocolateAceCream/telescope/backend] 2025/01/28 - 19:15:34.127 	[34minfo[0m	[utils/migrate.go:24]	migrate success	{"serviceName": "wsl"}
[github.com/ChocolateAceCream/telescope/backend] 2025/01/28 - 19:15:34.132 	[34minfo[0m	[dataInitializer/dataInitializer.go:69]	init data success	{"serviceName": "wsl"}
[github.com/ChocolateAceCream/telescope/backend] 2025/01/28 - 20:36:36.544 	[31merror[0m	[utils/session.go:54]	get session failed	{"serviceName": "wsl", "error": "redis: nil"}
[github.com/ChocolateAceCream/telescope/backend] 2025/01/29 - 19:23:05.198 	[33mwarn[0m	[lib/logger.go:111]	warn: log initialization successful	{"serviceName": "wsl"}
[github.com/ChocolateAceCream/telescope/backend] 2025/01/29 - 19:23:05.198 	[34minfo[0m	[lib/logger.go:112]	info: log initialization successful	{"serviceName": "wsl"}
[github.com/ChocolateAceCream/telescope/backend] 2025/01/29 - 19:23:05.198 	[31merror[0m	[lib/logger.go:113]	err: log initialization successful	{"serviceName": "wsl"}
[github.com/ChocolateAceCream/telescope/backend] 2025/01/29 - 19:23:05.200 	[34minfo[0m	[utils/redis.go:23]	redis connect ping success, response is: 	{"serviceName": "wsl", "pong": "PONG"}
[github.com/ChocolateAceCream/telescope/backend] 2025/01/29 - 19:23:05.229 	[34minfo[0m	[utils/migrate.go:24]	migrate success	{"serviceName": "wsl"}
[github.com/ChocolateAceCream/telescope/backend] 2025/01/29 - 19:23:05.239 	[34minfo[0m	[dataInitializer/dataInitializer.go:69]	init data success	{"serviceName": "wsl"}
[github.com/ChocolateAceCream/telescope/backend] 2025/01/29 - 19:24:06.545 	[33mwarn[0m	[lib/logger.go:111]	warn: log initialization successful	{"serviceName": "wsl"}
[github.com/ChocolateAceCream/telescope/backend] 2025/01/29 - 19:24:06.545 	[34minfo[0m	[lib/logger.go:112]	info: log initialization successful	{"serviceName": "wsl"}
[github.com/ChocolateAceCream/telescope/backend] 2025/01/29 - 19:24:06.545 	[31merror[0m	[lib/logger.go:113]	err: log initialization successful	{"serviceName": "wsl"}
[github.com/ChocolateAceCream/telescope/backend] 2025/01/29 - 19:24:06.546 	[34minfo[0m	[utils/redis.go:23]	redis connect ping success, response is: 	{"serviceName": "wsl", "pong": "PONG"}
[github.com/ChocolateAceCream/telescope/backend] 2025/01/29 - 19:24:06.567 	[34minfo[0m	[utils/migrate.go:24]	migrate success	{"serviceName": "wsl"}
[github.com/ChocolateAceCream/telescope/backend] 2025/01/29 - 19:24:06.572 	[34minfo[0m	[dataInitializer/dataInitializer.go:69]	init data success	{"serviceName": "wsl"}
[github.com/ChocolateAceCream/telescope/backend] 2025/01/29 - 19:24:06.573 	[31merror[0m	[backend/main.go:78]	server closed	{"serviceName": "wsl", "error": "listen tcp :4050: bind: address already in use"}
[github.com/ChocolateAceCream/telescope/backend] 2025/01/29 - 19:24:14.044 	[34minfo[0m	[backend/main.go:89]	Shuting down Server ...	{"serviceName": "wsl"}
[github.com/ChocolateAceCream/telescope/backend] 2025/01/29 - 19:24:14.044 	[34minfo[0m	[backend/main.go:97]	Server exist successful	{"serviceName": "wsl"}
[github.com/ChocolateAceCream/telescope/backend] 2025/01/29 - 19:24:15.662 	[34minfo[0m	[backend/main.go:89]	Shuting down Server ...	{"serviceName": "wsl"}
[github.com/ChocolateAceCream/telescope/backend] 2025/01/29 - 19:24:15.665 	[34minfo[0m	[backend/main.go:97]	Server exist successful	{"serviceName": "wsl"}
[github.com/ChocolateAceCream/telescope/backend] 2025/01/29 - 19:24:17.263 	[33mwarn[0m	[lib/logger.go:111]	warn: log initialization successful	{"serviceName": "wsl"}
[github.com/ChocolateAceCream/telescope/backend] 2025/01/29 - 19:24:17.263 	[34minfo[0m	[lib/logger.go:112]	info: log initialization successful	{"serviceName": "wsl"}
[github.com/ChocolateAceCream/telescope/backend] 2025/01/29 - 19:24:17.263 	[31merror[0m	[lib/logger.go:113]	err: log initialization successful	{"serviceName": "wsl"}
[github.com/ChocolateAceCream/telescope/backend] 2025/01/29 - 19:24:17.263 	[34minfo[0m	[utils/redis.go:23]	redis connect ping success, response is: 	{"serviceName": "wsl", "pong": "PONG"}
[github.com/ChocolateAceCream/telescope/backend] 2025/01/29 - 19:24:17.285 	[34minfo[0m	[utils/migrate.go:24]	migrate success	{"serviceName": "wsl"}
[github.com/ChocolateAceCream/telescope/backend] 2025/01/29 - 19:24:17.291 	[34minfo[0m	[dataInitializer/dataInitializer.go:69]	init data success	{"serviceName": "wsl"}
[github.com/ChocolateAceCream/telescope/backend] 2025/01/29 - 19:24:27.733 	[34minfo[0m	[backend/main.go:89]	Shuting down Server ...	{"serviceName": "wsl"}
[github.com/ChocolateAceCream/telescope/backend] 2025/01/29 - 19:24:27.733 	[34minfo[0m	[backend/main.go:97]	Server exist successful	{"serviceName": "wsl"}
[github.com/ChocolateAceCream/telescope/backend] 2025/01/29 - 19:24:29.297 	[33mwarn[0m	[lib/logger.go:111]	warn: log initialization successful	{"serviceName": "wsl"}
[github.com/ChocolateAceCream/telescope/backend] 2025/01/29 - 19:24:29.297 	[34minfo[0m	[lib/logger.go:112]	info: log initialization successful	{"serviceName": "wsl"}
[github.com/ChocolateAceCream/telescope/backend] 2025/01/29 - 19:24:29.297 	[31merror[0m	[lib/logger.go:113]	err: log initialization successful	{"serviceName": "wsl"}
[github.com/ChocolateAceCream/telescope/backend] 2025/01/29 - 19:24:29.297 	[34minfo[0m	[utils/redis.go:23]	redis connect ping success, response is: 	{"serviceName": "wsl", "pong": "PONG"}
[github.com/ChocolateAceCream/telescope/backend] 2025/01/29 - 19:24:29.318 	[34minfo[0m	[utils/migrate.go:24]	migrate success	{"serviceName": "wsl"}
[github.com/ChocolateAceCream/telescope/backend] 2025/01/29 - 19:24:29.324 	[34minfo[0m	[dataInitializer/dataInitializer.go:69]	init data success	{"serviceName": "wsl"}
[github.com/ChocolateAceCream/telescope/backend] 2025/01/29 - 19:24:35.776 	[33mwarn[0m	[lib/logger.go:111]	warn: log initialization successful	{"serviceName": "wsl"}
[github.com/ChocolateAceCream/telescope/backend] 2025/01/29 - 19:24:35.776 	[34minfo[0m	[lib/logger.go:112]	info: log initialization successful	{"serviceName": "wsl"}
[github.com/ChocolateAceCream/telescope/backend] 2025/01/29 - 19:24:35.776 	[31merror[0m	[lib/logger.go:113]	err: log initialization successful	{"serviceName": "wsl"}
[github.com/ChocolateAceCream/telescope/backend] 2025/01/29 - 19:24:35.777 	[34minfo[0m	[utils/redis.go:23]	redis connect ping success, response is: 	{"serviceName": "wsl", "pong": "PONG"}
[github.com/ChocolateAceCream/telescope/backend] 2025/01/29 - 19:24:35.798 	[34minfo[0m	[utils/migrate.go:24]	migrate success	{"serviceName": "wsl"}
[github.com/ChocolateAceCream/telescope/backend] 2025/01/29 - 19:24:35.804 	[34minfo[0m	[dataInitializer/dataInitializer.go:69]	init data success	{"serviceName": "wsl"}
[github.com/ChocolateAceCream/telescope/backend] 2025/01/29 - 19:25:39.546 	[34minfo[0m	[backend/main.go:89]	Shuting down Server ...	{"serviceName": "wsl"}
[github.com/ChocolateAceCream/telescope/backend] 2025/01/29 - 19:25:39.548 	[34minfo[0m	[backend/main.go:97]	Server exist successful	{"serviceName": "wsl"}
[github.com/ChocolateAceCream/telescope/backend] 2025/01/29 - 19:25:41.155 	[33mwarn[0m	[lib/logger.go:111]	warn: log initialization successful	{"serviceName": "wsl"}
[github.com/ChocolateAceCream/telescope/backend] 2025/01/29 - 19:25:41.155 	[34minfo[0m	[lib/logger.go:112]	info: log initialization successful	{"serviceName": "wsl"}
[github.com/ChocolateAceCream/telescope/backend] 2025/01/29 - 19:25:41.155 	[31merror[0m	[lib/logger.go:113]	err: log initialization successful	{"serviceName": "wsl"}
[github.com/ChocolateAceCream/telescope/backend] 2025/01/29 - 19:25:41.156 	[34minfo[0m	[utils/redis.go:23]	redis connect ping success, response is: 	{"serviceName": "wsl", "pong": "PONG"}
[github.com/ChocolateAceCream/telescope/backend] 2025/01/29 - 19:25:41.183 	[34minfo[0m	[utils/migrate.go:24]	migrate success	{"serviceName": "wsl"}
[github.com/ChocolateAceCream/telescope/backend] 2025/01/29 - 19:25:41.190 	[34minfo[0m	[dataInitializer/dataInitializer.go:69]	init data success	{"serviceName": "wsl"}
[github.com/ChocolateAceCream/telescope/backend] 2025/01/29 - 20:10:07.931 	[31merror[0m	[utils/session.go:54]	get session failed	{"serviceName": "wsl", "error": "redis: nil"}
[github.com/ChocolateAceCream/telescope/backend] 2025/01/29 - 20:10:10.694 	[31merror[0m	[utils/session.go:54]	get session failed	{"serviceName": "wsl", "error": "redis: nil"}
[github.com/ChocolateAceCream/telescope/backend] 2025/01/30 - 10:04:08.212 	[31merror[0m	[utils/session.go:54]	get session failed	{"serviceName": "wsl", "error": "redis: nil"}
[github.com/ChocolateAceCream/telescope/backend] 2025/01/30 - 10:16:03.821 	[34minfo[0m	[backend/main.go:89]	Shuting down Server ...	{"serviceName": "wsl"}
[github.com/ChocolateAceCream/telescope/backend] 2025/01/30 - 10:16:03.823 	[34minfo[0m	[backend/main.go:97]	Server exist successful	{"serviceName": "wsl"}
[github.com/ChocolateAceCream/telescope/backend] 2025/01/30 - 10:16:05.485 	[33mwarn[0m	[lib/logger.go:111]	warn: log initialization successful	{"serviceName": "wsl"}
[github.com/ChocolateAceCream/telescope/backend] 2025/01/30 - 10:16:05.485 	[34minfo[0m	[lib/logger.go:112]	info: log initialization successful	{"serviceName": "wsl"}
[github.com/ChocolateAceCream/telescope/backend] 2025/01/30 - 10:16:05.485 	[31merror[0m	[lib/logger.go:113]	err: log initialization successful	{"serviceName": "wsl"}
[github.com/ChocolateAceCream/telescope/backend] 2025/01/30 - 10:16:05.486 	[34minfo[0m	[utils/redis.go:23]	redis connect ping success, response is: 	{"serviceName": "wsl", "pong": "PONG"}
[github.com/ChocolateAceCream/telescope/backend] 2025/01/30 - 10:16:05.510 	[34minfo[0m	[utils/migrate.go:24]	migrate success	{"serviceName": "wsl"}
[github.com/ChocolateAceCream/telescope/backend] 2025/01/30 - 10:16:05.522 	[34minfo[0m	[dataInitializer/dataInitializer.go:69]	init data success	{"serviceName": "wsl"}
[github.com/ChocolateAceCream/telescope/backend] 2025/01/30 - 11:01:24.438 	[34minfo[0m	[backend/main.go:89]	Shuting down Server ...	{"serviceName": "wsl"}
[github.com/ChocolateAceCream/telescope/backend] 2025/01/30 - 11:01:24.441 	[34minfo[0m	[backend/main.go:97]	Server exist successful	{"serviceName": "wsl"}
[github.com/ChocolateAceCream/telescope/backend] 2025/01/30 - 11:01:27.307 	[33mwarn[0m	[lib/logger.go:111]	warn: log initialization successful	{"serviceName": "wsl"}
[github.com/ChocolateAceCream/telescope/backend] 2025/01/30 - 11:01:27.307 	[34minfo[0m	[lib/logger.go:112]	info: log initialization successful	{"serviceName": "wsl"}
[github.com/ChocolateAceCream/telescope/backend] 2025/01/30 - 11:01:27.308 	[31merror[0m	[lib/logger.go:113]	err: log initialization successful	{"serviceName": "wsl"}
[github.com/ChocolateAceCream/telescope/backend] 2025/01/30 - 11:01:27.310 	[34minfo[0m	[utils/redis.go:23]	redis connect ping success, response is: 	{"serviceName": "wsl", "pong": "PONG"}
[github.com/ChocolateAceCream/telescope/backend] 2025/01/30 - 11:01:27.359 	[34minfo[0m	[utils/migrate.go:24]	migrate success	{"serviceName": "wsl"}
[github.com/ChocolateAceCream/telescope/backend] 2025/01/30 - 11:01:27.376 	[34minfo[0m	[dataInitializer/dataInitializer.go:69]	init data success	{"serviceName": "wsl"}
[github.com/ChocolateAceCream/telescope/backend] 2025/01/30 - 11:01:32.994 	[31merror[0m	[utils/session.go:54]	get session failed	{"serviceName": "wsl", "error": "redis: nil"}
[github.com/ChocolateAceCream/telescope/backend] 2025/01/30 - 12:02:29.194 	[33mwarn[0m	[lib/logger.go:111]	warn: log initialization successful	{"serviceName": "wsl"}
[github.com/ChocolateAceCream/telescope/backend] 2025/01/30 - 12:02:29.195 	[34minfo[0m	[lib/logger.go:112]	info: log initialization successful	{"serviceName": "wsl"}
[github.com/ChocolateAceCream/telescope/backend] 2025/01/30 - 12:02:29.195 	[31merror[0m	[lib/logger.go:113]	err: log initialization successful	{"serviceName": "wsl"}
[github.com/ChocolateAceCream/telescope/backend] 2025/01/30 - 12:02:29.196 	[34minfo[0m	[utils/redis.go:23]	redis connect ping success, response is: 	{"serviceName": "wsl", "pong": "PONG"}
[github.com/ChocolateAceCream/telescope/backend] 2025/01/30 - 12:02:29.245 	[31merror[0m	[utils/migrate.go:17]	cannot create migration	{"serviceName": "wsl", "error": "failed to open database: pq: permission denied for schema public in line 0: CREATE TABLE IF NOT EXISTS \"public\".\"schema_migrations\" (version bigint not null primary key, dirty boolean not null)"}
[github.com/ChocolateAceCream/telescope/backend] 2025/01/30 - 12:09:34.307 	[33mwarn[0m	[lib/logger.go:111]	warn: log initialization successful	{"serviceName": "wsl"}
[github.com/ChocolateAceCream/telescope/backend] 2025/01/30 - 12:09:34.307 	[34minfo[0m	[lib/logger.go:112]	info: log initialization successful	{"serviceName": "wsl"}
[github.com/ChocolateAceCream/telescope/backend] 2025/01/30 - 12:09:34.307 	[31merror[0m	[lib/logger.go:113]	err: log initialization successful	{"serviceName": "wsl"}
[github.com/ChocolateAceCream/telescope/backend] 2025/01/30 - 12:09:34.308 	[34minfo[0m	[utils/redis.go:23]	redis connect ping success, response is: 	{"serviceName": "wsl", "pong": "PONG"}
[github.com/ChocolateAceCream/telescope/backend] 2025/01/30 - 12:09:34.324 	[34minfo[0m	[utils/migrate.go:24]	migrate success	{"serviceName": "wsl"}
[github.com/ChocolateAceCream/telescope/backend] 2025/01/30 - 12:09:34.333 	[34minfo[0m	[dataInitializer/dataInitializer.go:69]	init data success	{"serviceName": "wsl"}
[github.com/ChocolateAceCream/telescope/backend] 2025/01/30 - 12:13:34.631 	[34minfo[0m	[backend/main.go:94]	Shuting down Server ...	{"serviceName": "wsl"}
[github.com/ChocolateAceCream/telescope/backend] 2025/01/30 - 12:13:34.632 	[34minfo[0m	[backend/main.go:102]	Server exist successful	{"serviceName": "wsl"}
[github.com/ChocolateAceCream/telescope/backend] 2025/01/30 - 12:13:43.566 	[33mwarn[0m	[lib/logger.go:111]	warn: log initialization successful	{"serviceName": "wsl"}
[github.com/ChocolateAceCream/telescope/backend] 2025/01/30 - 12:13:43.567 	[34minfo[0m	[lib/logger.go:112]	info: log initialization successful	{"serviceName": "wsl"}
[github.com/ChocolateAceCream/telescope/backend] 2025/01/30 - 12:13:43.567 	[31merror[0m	[lib/logger.go:113]	err: log initialization successful	{"serviceName": "wsl"}
[github.com/ChocolateAceCream/telescope/backend] 2025/01/30 - 12:13:43.567 	[34minfo[0m	[utils/redis.go:23]	redis connect ping success, response is: 	{"serviceName": "wsl", "pong": "PONG"}
[github.com/ChocolateAceCream/telescope/backend] 2025/01/30 - 12:13:43.583 	[34minfo[0m	[utils/migrate.go:24]	migrate success	{"serviceName": "wsl"}
[github.com/ChocolateAceCream/telescope/backend] 2025/01/30 - 12:13:43.600 	[34minfo[0m	[dataInitializer/dataInitializer.go:69]	init data success	{"serviceName": "wsl"}
[github.com/ChocolateAceCream/telescope/backend] 2025/01/30 - 12:15:00.875 	[34minfo[0m	[backend/main.go:94]	Shuting down Server ...	{"serviceName": "wsl"}
[github.com/ChocolateAceCream/telescope/backend] 2025/01/30 - 12:15:00.876 	[34minfo[0m	[backend/main.go:102]	Server exist successful	{"serviceName": "wsl"}
[github.com/ChocolateAceCream/telescope/backend] 2025/01/30 - 12:15:02.162 	[33mwarn[0m	[lib/logger.go:111]	warn: log initialization successful	{"serviceName": "wsl"}
[github.com/ChocolateAceCream/telescope/backend] 2025/01/30 - 12:15:02.162 	[34minfo[0m	[lib/logger.go:112]	info: log initialization successful	{"serviceName": "wsl"}
[github.com/ChocolateAceCream/telescope/backend] 2025/01/30 - 12:15:02.162 	[31merror[0m	[lib/logger.go:113]	err: log initialization successful	{"serviceName": "wsl"}
[github.com/ChocolateAceCream/telescope/backend] 2025/01/30 - 12:15:02.163 	[34minfo[0m	[utils/redis.go:23]	redis connect ping success, response is: 	{"serviceName": "wsl", "pong": "PONG"}
[github.com/ChocolateAceCream/telescope/backend] 2025/01/30 - 12:15:02.180 	[34minfo[0m	[utils/migrate.go:24]	migrate success	{"serviceName": "wsl"}
[github.com/ChocolateAceCream/telescope/backend] 2025/01/30 - 12:15:02.185 	[34minfo[0m	[dataInitializer/dataInitializer.go:69]	init data success	{"serviceName": "wsl"}
[github.com/ChocolateAceCream/telescope/backend] 2025/01/30 - 16:38:12.730 	[31merror[0m	[dao/userDao.go:34]	GetUserByUsername failed	{"serviceName": "wsl", "error": "failed to connect to `user=admin database=telescope_dev`: 127.0.0.1:5555 (localhost): dial error: dial tcp 127.0.0.1:5555: connect: connection refused"}
[github.com/ChocolateAceCream/telescope/backend] 2025/01/30 - 16:38:15.367 	[31merror[0m	[dao/userDao.go:34]	GetUserByUsername failed	{"serviceName": "wsl", "error": "failed to connect to `user=admin database=telescope_dev`: 127.0.0.1:5555 (localhost): dial error: dial tcp 127.0.0.1:5555: connect: connection refused"}
[github.com/ChocolateAceCream/telescope/backend] 2025/01/30 - 16:38:43.807 	[31merror[0m	[dao/userDao.go:34]	GetUserByUsername failed	{"serviceName": "wsl", "error": "failed to connect to `user=admin database=telescope_dev`: 127.0.0.1:5555 (localhost): dial error: dial tcp 127.0.0.1:5555: connect: connection refused"}
[github.com/ChocolateAceCream/telescope/backend] 2025/01/30 - 16:38:56.063 	[31merror[0m	[dao/userDao.go:34]	GetUserByUsername failed	{"serviceName": "wsl", "error": "failed to connect to `user=admin database=telescope_dev`: 127.0.0.1:5555 (localhost): dial error: dial tcp 127.0.0.1:5555: connect: connection refused"}
[github.com/ChocolateAceCream/telescope/backend] 2025/01/30 - 16:39:00.660 	[31merror[0m	[dao/userDao.go:34]	GetUserByUsername failed	{"serviceName": "wsl", "error": "failed to connect to `user=admin database=telescope_dev`: 127.0.0.1:5555 (localhost): dial error: dial tcp 127.0.0.1:5555: connect: connection refused"}
[github.com/ChocolateAceCream/telescope/backend] 2025/01/30 - 16:39:05.836 	[31merror[0m	[dao/userDao.go:34]	GetUserByUsername failed	{"serviceName": "wsl", "error": "failed to connect to `user=admin database=telescope_dev`: 127.0.0.1:5555 (localhost): dial error: dial tcp 127.0.0.1:5555: connect: connection refused"}
[github.com/ChocolateAceCream/telescope/backend] 2025/01/30 - 16:40:50.690 	[34minfo[0m	[backend/main.go:94]	Shuting down Server ...	{"serviceName": "wsl"}
[github.com/ChocolateAceCream/telescope/backend] 2025/01/30 - 16:40:50.691 	[34minfo[0m	[backend/main.go:102]	Server exist successful	{"serviceName": "wsl"}
[github.com/ChocolateAceCream/telescope/backend] 2025/01/30 - 16:41:40.821 	[33mwarn[0m	[lib/logger.go:111]	warn: log initialization successful	{"serviceName": "wsl"}
[github.com/ChocolateAceCream/telescope/backend] 2025/01/30 - 16:41:40.821 	[34minfo[0m	[lib/logger.go:112]	info: log initialization successful	{"serviceName": "wsl"}
[github.com/ChocolateAceCream/telescope/backend] 2025/01/30 - 16:41:40.821 	[31merror[0m	[lib/logger.go:113]	err: log initialization successful	{"serviceName": "wsl"}
[github.com/ChocolateAceCream/telescope/backend] 2025/01/30 - 16:41:40.822 	[34minfo[0m	[utils/redis.go:23]	redis connect ping success, response is: 	{"serviceName": "wsl", "pong": "PONG"}
[github.com/ChocolateAceCream/telescope/backend] 2025/01/30 - 16:41:40.841 	[34minfo[0m	[utils/migrate.go:24]	migrate success	{"serviceName": "wsl"}
[github.com/ChocolateAceCream/telescope/backend] 2025/01/30 - 16:41:40.848 	[34minfo[0m	[dataInitializer/dataInitializer.go:69]	init data success	{"serviceName": "wsl"}
